<?xml version="1.0" encoding="UTF-8"?>
<!-- Generated by org.testng.reporters.JUnitReportReporter -->
<testsuite skipped="0" hostname="DESKTOP-J23TUKE" name="com.qa.test.LoginTest" tests="1" failures="0" timestamp="2021-03-23T13:37:23 PDT" time="0.031" errors="0">
  <testcase name="test1" time="0.031" classname="com.qa.test.LoginTest"/>
  <system-out/>
</testsuite> <!-- com.qa.test.LoginTest -->
